{"id":"S3","summaryText":"[SUMMARY S3] 37.9 KB | code | 639 lines\n============================= test session starts =============================\r\nplatform win32 -- Python 3.13.1, pytest-9.0.2, pluggy-1.6.0 -- C:\\Program Files\\Python313\\python.exe\r\ncachedir: .pytest_cache\r\nrootdir: C:\\opencode\\RAGAPPv2\\backend\r\nplugins: asyncio-1.3.0, cov-7.0.0, mock-3.15.1, anyio-4.12.1\r\nâ†’ Use /swarm retrieve S3 for full content","fullOutput":"============================= test session starts =============================\r\nplatform win32 -- Python 3.13.1, pytest-9.0.2, pluggy-1.6.0 -- C:\\Program Files\\Python313\\python.exe\r\ncachedir: .pytest_cache\r\nrootdir: C:\\opencode\\RAGAPPv2\\backend\r\nplugins: asyncio-1.3.0, cov-7.0.0, mock-3.15.1, anyio-4.12.1\r\nasyncio: mode=Mode.STRICT, debug=False, asyncio_default_fixture_loop_scope=None, asyncio_default_test_loop_scope=function\r\ncollecting ... collected 1 item\r\n\r\ntests/test_api.py::TestAPI::test_get_api_settings_returns_expected_keys FAILED [100%]\r\n\r\n================================== FAILURES ===================================\r\n_____________ TestAPI.test_get_api_settings_returns_expected_keys _____________\r\n  + Exception Group Traceback (most recent call last):\r\n  |   File \"C:\\Program Files\\Python313\\Lib\\site-packages\\starlette\\_utils.py\", line 79, in collapse_excgroups\r\n  |     yield\r\n  |   File \"C:\\Program Files\\Python313\\Lib\\site-packages\\starlette\\middleware\\base.py\", line 192, in __call__\r\n  |     async with anyio.create_task_group() as task_group:\r\n  |                ~~~~~~~~~~~~~~~~~~~~~~~^^\r\n  |   File \"C:\\Program Files\\Python313\\Lib\\site-packages\\anyio\\_backends\\_asyncio.py\", line 783, in __aexit__\r\n  |     raise BaseExceptionGroup(\r\n  |         \"unhandled errors in a TaskGroup\", self._exceptions\r\n  |     ) from None\r\n  | ExceptionGroup: unhandled errors in a TaskGroup (1 sub-exception)\r\n  +-+---------------- 1 ----------------\r\n    | Traceback (most recent call last):\r\n    |   File \"C:\\Program Files\\Python313\\Lib\\unittest\\case.py\", line 58, in testPartExecutor\r\n    |     yield\r\n    |   File \"C:\\Program Files\\Python313\\Lib\\unittest\\case.py\", line 651, in run\r\n    |     self._callTestMethod(testMethod)\r\n    |     ~~~~~~~~~~~~~~~~~~~~^^^^^^^^^^^^\r\n    |   File \"C:\\Program Files\\Python313\\Lib\\unittest\\case.py\", line 606, in _callTestMethod\r\n    |     if method() is not None:\r\n    |        ~~~~~~^^\r\n    |   File \"C:\\opencode\\RAGAPPv2\\backend\\tests\\test_api.py\", line 111, in test_get_api_settings_returns_expected_keys\r\n    |     response = self.client.get(\"/api/settings\")\r\n    |   File \"C:\\Program Files\\Python313\\Lib\\site-packages\\starlette\\testclient.py\", line 473, in get\r\n    |     return super().get(\r\n    |            ~~~~~~~~~~~^\r\n    |         url,\r\n    |         ^^^^\r\n    |     ...<6 lines>...\r\n    |         extensions=extensions,\r\n    |         ^^^^^^^^^^^^^^^^^^^^^^\r\n    |     )\r\n    |     ^\r\n    |   File \"C:\\Program Files\\Python313\\Lib\\site-packages\\httpx\\_client.py\", line 1053, in get\r\n    |     return self.request(\r\n    |            ~~~~~~~~~~~~^\r\n    |         \"GET\",\r\n    |         ^^^^^^\r\n    |     ...<7 lines>...\r\n    |         extensions=extensions,\r\n    |         ^^^^^^^^^^^^^^^^^^^^^^\r\n    |     )\r\n    |     ^\r\n    |   File \"C:\\Program Files\\Python313\\Lib\\site-packages\\starlette\\testclient.py\", line 445, in request\r\n    |     return super().request(\r\n    |            ~~~~~~~~~~~~~~~^\r\n    |         method,\r\n    |         ^^^^^^^\r\n    |     ...<11 lines>...\r\n    |         extensions=extensions,\r\n    |         ^^^^^^^^^^^^^^^^^^^^^^\r\n    |     )\r\n    |     ^\r\n    |   File \"C:\\Program Files\\Python313\\Lib\\site-packages\\httpx\\_client.py\", line 825, in request\r\n    |     return self.send(request, auth=auth, follow_redirects=follow_redirects)\r\n    |            ~~~~~~~~~^^^^^^^^^^^^^^^^^^^^^^^^^^^^^^^^^^^^^^^^^^^^^^^^^^^^^^^\r\n    |   File \"C:\\Program Files\\Python313\\Lib\\site-packages\\httpx\\_client.py\", line 914, in send\r\n    |     response = self._send_handling_auth(\r\n    |         request,\r\n    |     ...<2 lines>...\r\n    |         history=[],\r\n    |     )\r\n    |   File \"C:\\Program Files\\Python313\\Lib\\site-packages\\httpx\\_client.py\", line 942, in _send_handling_auth\r\n    |     response = self._send_handling_redirects(\r\n    |         request,\r\n    |         follow_redirects=follow_redirects,\r\n    |         history=history,\r\n    |     )\r\n    |   File \"C:\\Program Files\\Python313\\Lib\\site-packages\\httpx\\_client.py\", line 979, in _send_handling_redirects\r\n    |     response = self._send_single_request(request)\r\n    |   File \"C:\\Program Files\\Python313\\Lib\\site-packages\\httpx\\_client.py\", line 1014, in _send_single_request\r\n    |     response = transport.handle_request(request)\r\n    |   File \"C:\\Program Files\\Python313\\Lib\\site-packages\\starlette\\testclient.py\", line 348, in handle_request\r\n    |     raise exc\r\n    |   File \"C:\\Program Files\\Python313\\Lib\\site-packages\\starlette\\testclient.py\", line 345, in handle_request\r\n    |     portal.call(self.app, scope, receive, send)\r\n    |     ~~~~~~~~~~~^^^^^^^^^^^^^^^^^^^^^^^^^^^^^^^^\r\n    |   File \"C:\\Program Files\\Python313\\Lib\\site-packages\\anyio\\from_thread.py\", line 334, in call\r\n    |     return cast(T_Retval, self.start_task_soon(func, *args).result())\r\n    |                           ~~~~~~~~~~~~~~~~~~~~~~~~~~~~~~~~~~~~~~~~^^\r\n    |   File \"C:\\Program Files\\Python313\\Lib\\concurrent\\futures\\_base.py\", line 456, in result\r\n    |     return self.__get_result()\r\n    |            ~~~~~~~~~~~~~~~~~^^\r\n    |   File \"C:\\Program Files\\Python313\\Lib\\concurrent\\futures\\_base.py\", line 401, in __get_result\r\n    |     raise self._exception\r\n    |   File \"C:\\Program Files\\Python313\\Lib\\site-packages\\anyio\\from_thread.py\", line 259, in _call_func\r\n    |     retval = await retval_or_awaitable\r\n    |              ^^^^^^^^^^^^^^^^^^^^^^^^^\r\n    |   File \"C:\\Program Files\\Python313\\Lib\\site-packages\\fastapi\\applications.py\", line 1135, in __call__\r\n    |     await super().__call__(scope, receive, send)\r\n    |   File \"C:\\Program Files\\Python313\\Lib\\site-packages\\starlette\\applications.py\", line 107, in __call__\r\n    |     await self.middleware_stack(scope, receive, send)\r\n    |   File \"C:\\Program Files\\Python313\\Lib\\site-packages\\starlette\\middleware\\errors.py\", line 186, in __call__\r\n    |     raise exc\r\n    |   File \"C:\\Program Files\\Python313\\Lib\\site-packages\\starlette\\middleware\\errors.py\", line 164, in __call__\r\n    |     await self.app(scope, receive, _send)\r\n    |   File \"C:\\Program Files\\Python313\\Lib\\site-packages\\starlette\\middleware\\base.py\", line 191, in __call__\r\n    |     with recv_stream, send_stream, collapse_excgroups():\r\n    |                                    ~~~~~~~~~~~~~~~~~~^^\r\n    |   File \"C:\\Program Files\\Python313\\Lib\\contextlib.py\", line 162, in __exit__\r\n    |     self.gen.throw(value)\r\n    |     ~~~~~~~~~~~~~~^^^^^^^\r\n    |   File \"C:\\Program Files\\Python313\\Lib\\site-packages\\starlette\\_utils.py\", line 85, in collapse_excgroups\r\n    |     raise exc\r\n    |   File \"C:\\Program Files\\Python313\\Lib\\site-packages\\starlette\\middleware\\base.py\", line 193, in __call__\r\n    |     response = await self.dispatch_func(request, call_next)\r\n    |                ^^^^^^^^^^^^^^^^^^^^^^^^^^^^^^^^^^^^^^^^^^^^\r\n    |   File \"C:\\opencode\\RAGAPPv2\\backend\\tests\\..\\app\\middleware\\maintenance.py\", line 35, in dispatch\r\n    |     return await call_next(request)\r\n    |            ^^^^^^^^^^^^^^^^^^^^^^^^\r\n    |   File \"C:\\Program Files\\Python313\\Lib\\site-packages\\starlette\\middleware\\base.py\", line 168, in call_next\r\n    |     raise app_exc from app_exc.__cause__ or app_exc.__context__\r\n    |   File \"C:\\Program Files\\Python313\\Lib\\site-packages\\starlette\\middleware\\base.py\", line 144, in coro\r\n    |     await self.app(scope, receive_or_disconnect, send_no_error)\r\n    |   File \"C:\\Program Files\\Python313\\Lib\\site-packages\\starlette\\middleware\\base.py\", line 191, in __call__\r\n    |     with recv_stream, send_stream, collapse_excgroups():\r\n    |                                    ~~~~~~~~~~~~~~~~~~^^\r\n    |   File \"C:\\Program Files\\Python313\\Lib\\contextlib.py\", line 162, in __exit__\r\n    |     self.gen.throw(value)\r\n    |     ~~~~~~~~~~~~~~^^^^^^^\r\n    |   File \"C:\\Program Files\\Python313\\Lib\\site-packages\\starlette\\_utils.py\", line 85, in collapse_excgroups\r\n    |     raise exc\r\n    |   File \"C:\\Program Files\\Python313\\Lib\\site-packages\\starlette\\middleware\\base.py\", line 193, in __call__\r\n    |     response = await self.dispatch_func(request, call_next)\r\n    |                ^^^^^^^^^^^^^^^^^^^^^^^^^^^^^^^^^^^^^^^^^^^^\r\n    |   File \"C:\\Users\\zaxby\\AppData\\Roaming\\Python\\Python313\\site-packages\\slowapi\\middleware.py\", line 136, in dispatch\r\n    |     response = await call_next(request)\r\n    |                ^^^^^^^^^^^^^^^^^^^^^^^^\r\n    |   File \"C:\\Program Files\\Python313\\Lib\\site-packages\\starlette\\middleware\\base.py\", line 168, in call_next\r\n    |     raise app_exc from app_exc.__cause__ or app_exc.__context__\r\n    |   File \"C:\\Program Files\\Python313\\Lib\\site-packages\\starlette\\middleware\\base.py\", line 144, in coro\r\n    |     await self.app(scope, receive_or_disconnect, send_no_error)\r\n    |   File \"C:\\Program Files\\Python313\\Lib\\site-packages\\starlette\\middleware\\cors.py\", line 85, in __call__\r\n    |     await self.app(scope, receive, send)\r\n    |   File \"C:\\Program Files\\Python313\\Lib\\site-packages\\starlette\\middleware\\base.py\", line 191, in __call__\r\n    |     with recv_stream, send_stream, collapse_excgroups():\r\n    |                                    ~~~~~~~~~~~~~~~~~~^^\r\n    |   File \"C:\\Program Files\\Python313\\Lib\\contextlib.py\", line 162, in __exit__\r\n    |     self.gen.throw(value)\r\n    |     ~~~~~~~~~~~~~~^^^^^^^\r\n    |   File \"C:\\Program Files\\Python313\\Lib\\site-packages\\starlette\\_utils.py\", line 85, in collapse_excgroups\r\n    |     raise exc\r\n    |   File \"C:\\Program Files\\Python313\\Lib\\site-packages\\starlette\\middleware\\base.py\", line 193, in __call__\r\n    |     response = await self.dispatch_func(request, call_next)\r\n    |                ^^^^^^^^^^^^^^^^^^^^^^^^^^^^^^^^^^^^^^^^^^^^\r\n    |   File \"C:\\opencode\\RAGAPPv2\\backend\\tests\\..\\app\\middleware\\logging.py\", line 48, in dispatch\r\n    |     response = await call_next(request)\r\n    |                ^^^^^^^^^^^^^^^^^^^^^^^^\r\n    |   File \"C:\\Program Files\\Python313\\Lib\\site-packages\\starlette\\middleware\\base.py\", line 168, in call_next\r\n    |     raise app_exc from app_exc.__cause__ or app_exc.__context__\r\n    |   File \"C:\\Program Files\\Python313\\Lib\\site-packages\\starlette\\middleware\\base.py\", line 144, in coro\r\n    |     await self.app(scope, receive_or_disconnect, send_no_error)\r\n    |   File \"C:\\Program Files\\Python313\\Lib\\site-packages\\starlette\\middleware\\exceptions.py\", line 63, in __call__\r\n    |     await wrap_app_handling_exceptions(self.app, conn)(scope, receive, send)\r\n    |   File \"C:\\Program Files\\Python313\\Lib\\site-packages\\starlette\\_exception_handler.py\", line 53, in wrapped_app\r\n    |     raise exc\r\n    |   File \"C:\\Program Files\\Python313\\Lib\\site-packages\\starlette\\_exception_handler.py\", line 42, in wrapped_app\r\n    |     await app(scope, receive, sender)\r\n    |   File \"C:\\Program Files\\Python313\\Lib\\site-packages\\fastapi\\middleware\\asyncexitstack.py\", line 18, in __call__\r\n    |     await self.app(scope, receive, send)\r\n    |   File \"C:\\Program Files\\Python313\\Lib\\site-packages\\starlette\\routing.py\", line 716, in __call__\r\n    |     await self.middleware_stack(scope, receive, send)\r\n    |   File \"C:\\Program Files\\Python313\\Lib\\site-packages\\starlette\\routing.py\", line 736, in app\r\n    |     await route.handle(scope, receive, send)\r\n    |   File \"C:\\Program Files\\Python313\\Lib\\site-packages\\starlette\\routing.py\", line 290, in handle\r\n    |     await self.app(scope, receive, send)\r\n    |   File \"C:\\Program Files\\Python313\\Lib\\site-packages\\fastapi\\routing.py\", line 115, in app\r\n    |     await wrap_app_handling_exceptions(app, request)(scope, receive, send)\r\n    |   File \"C:\\Program Files\\Python313\\Lib\\site-packages\\starlette\\_exception_handler.py\", line 53, in wrapped_app\r\n    |     raise exc\r\n    |   File \"C:\\Program Files\\Python313\\Lib\\site-packages\\starlette\\_exception_handler.py\", line 42, in wrapped_app\r\n    |     await app(scope, receive, sender)\r\n    |   File \"C:\\Program Files\\Python313\\Lib\\site-packages\\fastapi\\routing.py\", line 101, in app\r\n    |     response = await f(request)\r\n    |                ^^^^^^^^^^^^^^^^\r\n    |   File \"C:\\Program Files\\Python313\\Lib\\site-packages\\fastapi\\routing.py\", line 355, in app\r\n    |     raw_response = await run_endpoint_function(\r\n    |                    ^^^^^^^^^^^^^^^^^^^^^^^^^^^^\r\n    |     ...<3 lines>...\r\n    |     )\r\n    |     ^\r\n    |   File \"C:\\Program Files\\Python313\\Lib\\site-packages\\fastapi\\routing.py\", line 245, in run_endpoint_function\r\n    |     return await run_in_threadpool(dependant.call, **values)\r\n    |            ^^^^^^^^^^^^^^^^^^^^^^^^^^^^^^^^^^^^^^^^^^^^^^^^^\r\n    |   File \"C:\\Program Files\\Python313\\Lib\\site-packages\\starlette\\concurrency.py\", line 32, in run_in_threadpool\r\n    |     return await anyio.to_thread.run_sync(func)\r\n    |            ^^^^^^^^^^^^^^^^^^^^^^^^^^^^^^^^^^^^\r\n    |   File \"C:\\Program Files\\Python313\\Lib\\site-packages\\anyio\\to_thread.py\", line 63, in run_sync\r\n    |     return await get_async_backend().run_sync_in_worker_thread(\r\n    |            ^^^^^^^^^^^^^^^^^^^^^^^^^^^^^^^^^^^^^^^^^^^^^^^^^^^^\r\n    |         func, args, abandon_on_cancel=abandon_on_cancel, limiter=limiter\r\n    |         ^^^^^^^^^^^^^^^^^^^^^^^^^^^^^^^^^^^^^^^^^^^^^^^^^^^^^^^^^^^^^^^^\r\n    |     )\r\n    |     ^\r\n    |   File \"C:\\Program Files\\Python313\\Lib\\site-packages\\anyio\\_backends\\_asyncio.py\", line 2502, in run_sync_in_worker_thread\r\n    |     return await future\r\n    |            ^^^^^^^^^^^^\r\n    |   File \"C:\\Program Files\\Python313\\Lib\\site-packages\\anyio\\_backends\\_asyncio.py\", line 986, in run\r\n    |     result = context.run(func, *args)\r\n    |   File \"C:\\opencode\\RAGAPPv2\\backend\\tests\\..\\app\\api\\routes\\settings.py\", line 189, in get_settings\r\n    |     return SettingsResponse.model_validate(settings_dict)\r\n    |            ~~~~~~~~~~~~~~~~~~~~~~~~~~~~~~~^^^^^^^^^^^^^^^\r\n    |   File \"C:\\Program Files\\Python313\\Lib\\site-packages\\pydantic\\main.py\", line 716, in model_validate\r\n    |     return cls.__pydantic_validator__.validate_python(\r\n    |            ~~~~~~~~~~~~~~~~~~~~~~~~~~~~~~~~~~~~~~~~~~^\r\n    |         obj,\r\n    |         ^^^^\r\n    |     ...<5 lines>...\r\n    |         by_name=by_name,\r\n    |         ^^^^^^^^^^^^^^^^\r\n    |     )\r\n    |     ^\r\n    | pydantic_core._pydantic_core.ValidationError: 4 validation errors for SettingsResponse\r\n    | chunk_size\r\n    |   Input should be a valid integer [type=int_type, input_value=None, input_type=NoneType]\r\n    |     For further information visit https://errors.pydantic.dev/2.12/v/int_type\r\n    | chunk_overlap\r\n    |   Input should be a valid integer [type=int_type, input_value=None, input_type=NoneType]\r\n    |     For further information visit https://errors.pydantic.dev/2.12/v/int_type\r\n    | rag_relevance_threshold\r\n    |   Input should be a valid number [type=float_type, input_value=None, input_type=NoneType]\r\n    |     For further information visit https://errors.pydantic.dev/2.12/v/float_type\r\n    | vector_top_k\r\n    |   Input should be a valid integer [type=int_type, input_value=None, input_type=NoneType]\r\n    |     For further information visit https://errors.pydantic.dev/2.12/v/int_type\r\n    +------------------------------------\r\n\r\nThe above exception was the direct cause of the following exception:\r\n\r\nTraceback (most recent call last):\r\n  File \"C:\\opencode\\RAGAPPv2\\backend\\tests\\test_api.py\", line 111, in test_get_api_settings_returns_expected_keys\r\n    response = self.client.get(\"/api/settings\")\r\n  File \"C:\\Program Files\\Python313\\Lib\\site-packages\\starlette\\testclient.py\", line 473, in get\r\n    return super().get(\r\n           ~~~~~~~~~~~^\r\n        url,\r\n        ^^^^\r\n    ...<6 lines>...\r\n        extensions=extensions,\r\n        ^^^^^^^^^^^^^^^^^^^^^^\r\n    )\r\n    ^\r\n  File \"C:\\Program Files\\Python313\\Lib\\site-packages\\httpx\\_client.py\", line 1053, in get\r\n    return self.request(\r\n           ~~~~~~~~~~~~^\r\n        \"GET\",\r\n        ^^^^^^\r\n    ...<7 lines>...\r\n        extensions=extensions,\r\n        ^^^^^^^^^^^^^^^^^^^^^^\r\n    )\r\n    ^\r\n  File \"C:\\Program Files\\Python313\\Lib\\site-packages\\starlette\\testclient.py\", line 445, in request\r\n    return super().request(\r\n           ~~~~~~~~~~~~~~~^\r\n        method,\r\n        ^^^^^^^\r\n    ...<11 lines>...\r\n        extensions=extensions,\r\n        ^^^^^^^^^^^^^^^^^^^^^^\r\n    )\r\n    ^\r\n  File \"C:\\Program Files\\Python313\\Lib\\site-packages\\httpx\\_client.py\", line 825, in request\r\n    return self.send(request, auth=auth, follow_redirects=follow_redirects)\r\n           ~~~~~~~~~^^^^^^^^^^^^^^^^^^^^^^^^^^^^^^^^^^^^^^^^^^^^^^^^^^^^^^^\r\n  File \"C:\\Program Files\\Python313\\Lib\\site-packages\\httpx\\_client.py\", line 914, in send\r\n    response = self._send_handling_auth(\r\n        request,\r\n    ...<2 lines>...\r\n        history=[],\r\n    )\r\n  File \"C:\\Program Files\\Python313\\Lib\\site-packages\\httpx\\_client.py\", line 942, in _send_handling_auth\r\n    response = self._send_handling_redirects(\r\n        request,\r\n        follow_redirects=follow_redirects,\r\n        history=history,\r\n    )\r\n  File \"C:\\Program Files\\Python313\\Lib\\site-packages\\httpx\\_client.py\", line 979, in _send_handling_redirects\r\n    response = self._send_single_request(request)\r\n  File \"C:\\Program Files\\Python313\\Lib\\site-packages\\httpx\\_client.py\", line 1014, in _send_single_request\r\n    response = transport.handle_request(request)\r\n  File \"C:\\Program Files\\Python313\\Lib\\site-packages\\starlette\\testclient.py\", line 348, in handle_request\r\n    raise exc\r\n  File \"C:\\Program Files\\Python313\\Lib\\site-packages\\starlette\\testclient.py\", line 345, in handle_request\r\n    portal.call(self.app, scope, receive, send)\r\n    ~~~~~~~~~~~^^^^^^^^^^^^^^^^^^^^^^^^^^^^^^^^\r\n  File \"C:\\Program Files\\Python313\\Lib\\site-packages\\anyio\\from_thread.py\", line 334, in call\r\n    return cast(T_Retval, self.start_task_soon(func, *args).result())\r\n                          ~~~~~~~~~~~~~~~~~~~~~~~~~~~~~~~~~~~~~~~~^^\r\n  File \"C:\\Program Files\\Python313\\Lib\\concurrent\\futures\\_base.py\", line 456, in result\r\n    return self.__get_result()\r\n           ~~~~~~~~~~~~~~~~~^^\r\n  File \"C:\\Program Files\\Python313\\Lib\\concurrent\\futures\\_base.py\", line 401, in __get_result\r\n    raise self._exception\r\n  File \"C:\\Program Files\\Python313\\Lib\\site-packages\\anyio\\from_thread.py\", line 259, in _call_func\r\n    retval = await retval_or_awaitable\r\n             ^^^^^^^^^^^^^^^^^^^^^^^^^\r\n  File \"C:\\Program Files\\Python313\\Lib\\site-packages\\fastapi\\applications.py\", line 1135, in __call__\r\n    await super().__call__(scope, receive, send)\r\n  File \"C:\\Program Files\\Python313\\Lib\\site-packages\\starlette\\applications.py\", line 107, in __call__\r\n    await self.middleware_stack(scope, receive, send)\r\n  File \"C:\\Program Files\\Python313\\Lib\\site-packages\\starlette\\middleware\\errors.py\", line 186, in __call__\r\n    raise exc\r\n  File \"C:\\Program Files\\Python313\\Lib\\site-packages\\starlette\\middleware\\errors.py\", line 164, in __call__\r\n    await self.app(scope, receive, _send)\r\n  File \"C:\\Program Files\\Python313\\Lib\\site-packages\\starlette\\middleware\\base.py\", line 191, in __call__\r\n    with recv_stream, send_stream, collapse_excgroups():\r\n                                   ~~~~~~~~~~~~~~~~~~^^\r\n  File \"C:\\Program Files\\Python313\\Lib\\contextlib.py\", line 162, in __exit__\r\n    self.gen.throw(value)\r\n    ~~~~~~~~~~~~~~^^^^^^^\r\n  File \"C:\\Program Files\\Python313\\Lib\\site-packages\\starlette\\_utils.py\", line 85, in collapse_excgroups\r\n    raise exc\r\n  File \"C:\\Program Files\\Python313\\Lib\\site-packages\\starlette\\middleware\\base.py\", line 193, in __call__\r\n    response = await self.dispatch_func(request, call_next)\r\n               ^^^^^^^^^^^^^^^^^^^^^^^^^^^^^^^^^^^^^^^^^^^^\r\n  File \"C:\\opencode\\RAGAPPv2\\backend\\tests\\..\\app\\middleware\\maintenance.py\", line 35, in dispatch\r\n    return await call_next(request)\r\n           ^^^^^^^^^^^^^^^^^^^^^^^^\r\n  File \"C:\\Program Files\\Python313\\Lib\\site-packages\\starlette\\middleware\\base.py\", line 168, in call_next\r\n    raise app_exc from app_exc.__cause__ or app_exc.__context__\r\n  File \"C:\\Program Files\\Python313\\Lib\\site-packages\\starlette\\middleware\\base.py\", line 144, in coro\r\n    await self.app(scope, receive_or_disconnect, send_no_error)\r\n  File \"C:\\Program Files\\Python313\\Lib\\site-packages\\starlette\\middleware\\base.py\", line 191, in __call__\r\n    with recv_stream, send_stream, collapse_excgroups():\r\n                                   ~~~~~~~~~~~~~~~~~~^^\r\n  File \"C:\\Program Files\\Python313\\Lib\\contextlib.py\", line 162, in __exit__\r\n    self.gen.throw(value)\r\n    ~~~~~~~~~~~~~~^^^^^^^\r\n  File \"C:\\Program Files\\Python313\\Lib\\site-packages\\starlette\\_utils.py\", line 85, in collapse_excgroups\r\n    raise exc\r\n  File \"C:\\Program Files\\Python313\\Lib\\site-packages\\starlette\\middleware\\base.py\", line 193, in __call__\r\n    response = await self.dispatch_func(request, call_next)\r\n               ^^^^^^^^^^^^^^^^^^^^^^^^^^^^^^^^^^^^^^^^^^^^\r\n  File \"C:\\Users\\zaxby\\AppData\\Roaming\\Python\\Python313\\site-packages\\slowapi\\middleware.py\", line 136, in dispatch\r\n    response = await call_next(request)\r\n               ^^^^^^^^^^^^^^^^^^^^^^^^\r\n  File \"C:\\Program Files\\Python313\\Lib\\site-packages\\starlette\\middleware\\base.py\", line 168, in call_next\r\n    raise app_exc from app_exc.__cause__ or app_exc.__context__\r\n  File \"C:\\Program Files\\Python313\\Lib\\site-packages\\starlette\\middleware\\base.py\", line 144, in coro\r\n    await self.app(scope, receive_or_disconnect, send_no_error)\r\n  File \"C:\\Program Files\\Python313\\Lib\\site-packages\\starlette\\middleware\\cors.py\", line 85, in __call__\r\n    await self.app(scope, receive, send)\r\n  File \"C:\\Program Files\\Python313\\Lib\\site-packages\\starlette\\middleware\\base.py\", line 191, in __call__\r\n    with recv_stream, send_stream, collapse_excgroups():\r\n                                   ~~~~~~~~~~~~~~~~~~^^\r\n  File \"C:\\Program Files\\Python313\\Lib\\contextlib.py\", line 162, in __exit__\r\n    self.gen.throw(value)\r\n    ~~~~~~~~~~~~~~^^^^^^^\r\n  File \"C:\\Program Files\\Python313\\Lib\\site-packages\\starlette\\_utils.py\", line 85, in collapse_excgroups\r\n    raise exc\r\n  File \"C:\\Program Files\\Python313\\Lib\\site-packages\\starlette\\middleware\\base.py\", line 193, in __call__\r\n    response = await self.dispatch_func(request, call_next)\r\n               ^^^^^^^^^^^^^^^^^^^^^^^^^^^^^^^^^^^^^^^^^^^^\r\n  File \"C:\\opencode\\RAGAPPv2\\backend\\tests\\..\\app\\middleware\\logging.py\", line 48, in dispatch\r\n    response = await call_next(request)\r\n               ^^^^^^^^^^^^^^^^^^^^^^^^\r\n  File \"C:\\Program Files\\Python313\\Lib\\site-packages\\starlette\\middleware\\base.py\", line 168, in call_next\r\n    raise app_exc from app_exc.__cause__ or app_exc.__context__\r\n  File \"C:\\Program Files\\Python313\\Lib\\site-packages\\starlette\\middleware\\base.py\", line 144, in coro\r\n    await self.app(scope, receive_or_disconnect, send_no_error)\r\n  File \"C:\\Program Files\\Python313\\Lib\\site-packages\\starlette\\middleware\\exceptions.py\", line 63, in __call__\r\n    await wrap_app_handling_exceptions(self.app, conn)(scope, receive, send)\r\n  File \"C:\\Program Files\\Python313\\Lib\\site-packages\\starlette\\_exception_handler.py\", line 53, in wrapped_app\r\n    raise exc\r\n  File \"C:\\Program Files\\Python313\\Lib\\site-packages\\starlette\\_exception_handler.py\", line 42, in wrapped_app\r\n    await app(scope, receive, sender)\r\n  File \"C:\\Program Files\\Python313\\Lib\\site-packages\\fastapi\\middleware\\asyncexitstack.py\", line 18, in __call__\r\n    await self.app(scope, receive, send)\r\n  File \"C:\\Program Files\\Python313\\Lib\\site-packages\\starlette\\routing.py\", line 716, in __call__\r\n    await self.middleware_stack(scope, receive, send)\r\n  File \"C:\\Program Files\\Python313\\Lib\\site-packages\\starlette\\routing.py\", line 736, in app\r\n    await route.handle(scope, receive, send)\r\n  File \"C:\\Program Files\\Python313\\Lib\\site-packages\\starlette\\routing.py\", line 290, in handle\r\n    await self.app(scope, receive, send)\r\n  File \"C:\\Program Files\\Python313\\Lib\\site-packages\\fastapi\\routing.py\", line 115, in app\r\n    await wrap_app_handling_exceptions(app, request)(scope, receive, send)\r\n  File \"C:\\Program Files\\Python313\\Lib\\site-packages\\starlette\\_exception_handler.py\", line 53, in wrapped_app\r\n    raise exc\r\n  File \"C:\\Program Files\\Python313\\Lib\\site-packages\\starlette\\_exception_handler.py\", line 42, in wrapped_app\r\n    await app(scope, receive, sender)\r\n  File \"C:\\Program Files\\Python313\\Lib\\site-packages\\fastapi\\routing.py\", line 101, in app\r\n    response = await f(request)\r\n               ^^^^^^^^^^^^^^^^\r\n  File \"C:\\Program Files\\Python313\\Lib\\site-packages\\fastapi\\routing.py\", line 355, in app\r\n    raw_response = await run_endpoint_function(\r\n                   ^^^^^^^^^^^^^^^^^^^^^^^^^^^^\r\n    ...<3 lines>...\r\n    )\r\n    ^\r\n  File \"C:\\Program Files\\Python313\\Lib\\site-packages\\fastapi\\routing.py\", line 245, in run_endpoint_function\r\n    return await run_in_threadpool(dependant.call, **values)\r\n           ^^^^^^^^^^^^^^^^^^^^^^^^^^^^^^^^^^^^^^^^^^^^^^^^^\r\n  File \"C:\\Program Files\\Python313\\Lib\\site-packages\\starlette\\concurrency.py\", line 32, in run_in_threadpool\r\n    return await anyio.to_thread.run_sync(func)\r\n           ^^^^^^^^^^^^^^^^^^^^^^^^^^^^^^^^^^^^\r\n  File \"C:\\Program Files\\Python313\\Lib\\site-packages\\anyio\\to_thread.py\", line 63, in run_sync\r\n    return await get_async_backend().run_sync_in_worker_thread(\r\n           ^^^^^^^^^^^^^^^^^^^^^^^^^^^^^^^^^^^^^^^^^^^^^^^^^^^^\r\n        func, args, abandon_on_cancel=abandon_on_cancel, limiter=limiter\r\n        ^^^^^^^^^^^^^^^^^^^^^^^^^^^^^^^^^^^^^^^^^^^^^^^^^^^^^^^^^^^^^^^^\r\n    )\r\n    ^\r\n  File \"C:\\Program Files\\Python313\\Lib\\site-packages\\anyio\\_backends\\_asyncio.py\", line 2502, in run_sync_in_worker_thread\r\n    return await future\r\n           ^^^^^^^^^^^^\r\n  File \"C:\\Program Files\\Python313\\Lib\\site-packages\\anyio\\_backends\\_asyncio.py\", line 986, in run\r\n    result = context.run(func, *args)\r\n  File \"C:\\opencode\\RAGAPPv2\\backend\\tests\\..\\app\\api\\routes\\settings.py\", line 189, in get_settings\r\n    return SettingsResponse.model_validate(settings_dict)\r\n           ~~~~~~~~~~~~~~~~~~~~~~~~~~~~~~~^^^^^^^^^^^^^^^\r\n  File \"C:\\Program Files\\Python313\\Lib\\site-packages\\pydantic\\main.py\", line 716, in model_validate\r\n    return cls.__pydantic_validator__.validate_python(\r\n           ~~~~~~~~~~~~~~~~~~~~~~~~~~~~~~~~~~~~~~~~~~^\r\n        obj,\r\n        ^^^^\r\n    ...<5 lines>...\r\n        by_name=by_name,\r\n        ^^^^^^^^^^^^^^^^\r\n    )\r\n    ^\r\npydantic_core._pydantic_core.ValidationError: 4 validation errors for SettingsResponse\r\nchunk_size\r\n  Input should be a valid integer [type=int_type, input_value=None, input_type=NoneType]\r\n    For further information visit https://errors.pydantic.dev/2.12/v/int_type\r\nchunk_overlap\r\n  Input should be a valid integer [type=int_type, input_value=None, input_type=NoneType]\r\n    For further information visit https://errors.pydantic.dev/2.12/v/int_type\r\nrag_relevance_threshold\r\n  Input should be a valid number [type=float_type, input_value=None, input_type=NoneType]\r\n    For further information visit https://errors.pydantic.dev/2.12/v/float_type\r\nvector_top_k\r\n  Input should be a valid integer [type=int_type, input_value=None, input_type=NoneType]\r\n    For further information visit https://errors.pydantic.dev/2.12/v/int_type\r\n\r\nThe above exception was the direct cause of the following exception:\r\n\r\nself = <test_api.TestAPI testMethod=test_get_api_settings_returns_expected_keys>\r\n\r\n    def test_get_api_settings_returns_expected_keys(self):\r\n        \"\"\"Test GET /api/settings returns expected configuration keys.\"\"\"\r\n>       response = self.client.get(\"/api/settings\")\r\n                   ^^^^^^^^^^^^^^^^^^^^^^^^^^^^^^^^\r\n\r\ntests\\test_api.py:111: \r\n_ _ _ _ _ _ _ _ _ _ _ _ _ _ _ _ _ _ _ _ _ _ _ _ _ _ _ _ _ _ _ _ _ _ _ _ _ _ _ _\r\nC:\\Program Files\\Python313\\Lib\\site-packages\\starlette\\testclient.py:473: in get\r\n    return super().get(\r\nC:\\Program Files\\Python313\\Lib\\site-packages\\httpx\\_client.py:1053: in get\r\n    return self.request(\r\nC:\\Program Files\\Python313\\Lib\\site-packages\\starlette\\testclient.py:445: in request\r\n    return super().request(\r\nC:\\Program Files\\Python313\\Lib\\site-packages\\httpx\\_client.py:825: in request\r\n    return self.send(request, auth=auth, follow_redirects=follow_redirects)\r\n           ^^^^^^^^^^^^^^^^^^^^^^^^^^^^^^^^^^^^^^^^^^^^^^^^^^^^^^^^^^^^^^^^\r\nC:\\Program Files\\Python313\\Lib\\site-packages\\httpx\\_client.py:914: in send\r\n    response = self._send_handling_auth(\r\nC:\\Program Files\\Python313\\Lib\\site-packages\\httpx\\_client.py:942: in _send_handling_auth\r\n    response = self._send_handling_redirects(\r\nC:\\Program Files\\Python313\\Lib\\site-packages\\httpx\\_client.py:979: in _send_handling_redirects\r\n    response = self._send_single_request(request)\r\n               ^^^^^^^^^^^^^^^^^^^^^^^^^^^^^^^^^^\r\nC:\\Program Files\\Python313\\Lib\\site-packages\\httpx\\_client.py:1014: in _send_single_request\r\n    response = transport.handle_request(request)\r\n               ^^^^^^^^^^^^^^^^^^^^^^^^^^^^^^^^^\r\nC:\\Program Files\\Python313\\Lib\\site-packages\\starlette\\testclient.py:348: in handle_request\r\n    raise exc\r\nC:\\Program Files\\Python313\\Lib\\site-packages\\starlette\\testclient.py:345: in handle_request\r\n    portal.call(self.app, scope, receive, send)\r\nC:\\Program Files\\Python313\\Lib\\site-packages\\anyio\\from_thread.py:334: in call\r\n    return cast(T_Retval, self.start_task_soon(func, *args).result())\r\n                          ^^^^^^^^^^^^^^^^^^^^^^^^^^^^^^^^^^^^^^^^^^\r\nC:\\Program Files\\Python313\\Lib\\concurrent\\futures\\_base.py:456: in result\r\n    return self.__get_result()\r\n           ^^^^^^^^^^^^^^^^^^^\r\nC:\\Program Files\\Python313\\Lib\\concurrent\\futures\\_base.py:401: in __get_result\r\n    raise self._exception\r\nC:\\Program Files\\Python313\\Lib\\site-packages\\anyio\\from_thread.py:259: in _call_func\r\n    retval = await retval_or_awaitable\r\n             ^^^^^^^^^^^^^^^^^^^^^^^^^\r\nC:\\Program Files\\Python313\\Lib\\site-packages\\fastapi\\applications.py:1135: in __call__\r\n    await super().__call__(scope, receive, send)\r\nC:\\Program Files\\Python313\\Lib\\site-packages\\starlette\\applications.py:107: in __call__\r\n    await self.middleware_stack(scope, receive, send)\r\nC:\\Program Files\\Python313\\Lib\\site-packages\\starlette\\middleware\\errors.py:186: in __call__\r\n    raise exc\r\nC:\\Program Files\\Python313\\Lib\\site-packages\\starlette\\middleware\\errors.py:164: in __call__\r\n    await self.app(scope, receive, _send)\r\nC:\\Program Files\\Python313\\Lib\\site-packages\\starlette\\middleware\\base.py:191: in __call__\r\n    with recv_stream, send_stream, collapse_excgroups():\r\n                                   ^^^^^^^^^^^^^^^^^^^^\r\nC:\\Program Files\\Python313\\Lib\\contextlib.py:162: in __exit__\r\n    self.gen.throw(value)\r\nC:\\Program Files\\Python313\\Lib\\site-packages\\starlette\\_utils.py:85: in collapse_excgroups\r\n    raise exc\r\nC:\\Program Files\\Python313\\Lib\\site-packages\\starlette\\middleware\\base.py:193: in __call__\r\n    response = await self.dispatch_func(request, call_next)\r\n               ^^^^^^^^^^^^^^^^^^^^^^^^^^^^^^^^^^^^^^^^^^^^\r\napp\\middleware\\maintenance.py:35: in dispatch\r\n    return await call_next(request)\r\n           ^^^^^^^^^^^^^^^^^^^^^^^^\r\nC:\\Program Files\\Python313\\Lib\\site-packages\\starlette\\middleware\\base.py:168: in call_next\r\n    raise app_exc from app_exc.__cause__ or app_exc.__context__\r\nC:\\Program Files\\Python313\\Lib\\site-packages\\starlette\\middleware\\base.py:144: in coro\r\n    await self.app(scope, receive_or_disconnect, send_no_error)\r\nC:\\Program Files\\Python313\\Lib\\site-packages\\starlette\\middleware\\base.py:191: in __call__\r\n    with recv_stream, send_stream, collapse_excgroups():\r\n                                   ^^^^^^^^^^^^^^^^^^^^\r\nC:\\Program Files\\Python313\\Lib\\contextlib.py:162: in __exit__\r\n    self.gen.throw(value)\r\nC:\\Program Files\\Python313\\Lib\\site-packages\\starlette\\_utils.py:85: in collapse_excgroups\r\n    raise exc\r\nC:\\Program Files\\Python313\\Lib\\site-packages\\starlette\\middleware\\base.py:193: in __call__\r\n    response = await self.dispatch_func(request, call_next)\r\n               ^^^^^^^^^^^^^^^^^^^^^^^^^^^^^^^^^^^^^^^^^^^^\r\nC:\\Users\\zaxby\\AppData\\Roaming\\Python\\Python313\\site-packages\\slowapi\\middleware.py:136: in dispatch\r\n    response = await call_next(request)\r\n               ^^^^^^^^^^^^^^^^^^^^^^^^\r\nC:\\Program Files\\Python313\\Lib\\site-packages\\starlette\\middleware\\base.py:168: in call_next\r\n    raise app_exc from app_exc.__cause__ or app_exc.__context__\r\nC:\\Program Files\\Python313\\Lib\\site-packages\\starlette\\middleware\\base.py:144: in coro\r\n    await self.app(scope, receive_or_disconnect, send_no_error)\r\nC:\\Program Files\\Python313\\Lib\\site-packages\\starlette\\middleware\\cors.py:85: in __call__\r\n    await self.app(scope, receive, send)\r\nC:\\Program Files\\Python313\\Lib\\site-packages\\starlette\\middleware\\base.py:191: in __call__\r\n    with recv_stream, send_stream, collapse_excgroups():\r\n                                   ^^^^^^^^^^^^^^^^^^^^\r\nC:\\Program Files\\Python313\\Lib\\contextlib.py:162: in __exit__\r\n    self.gen.throw(value)\r\nC:\\Program Files\\Python313\\Lib\\site-packages\\starlette\\_utils.py:85: in collapse_excgroups\r\n    raise exc\r\nC:\\Program Files\\Python313\\Lib\\site-packages\\starlette\\middleware\\base.py:193: in __call__\r\n    response = await self.dispatch_func(request, call_next)\r\n               ^^^^^^^^^^^^^^^^^^^^^^^^^^^^^^^^^^^^^^^^^^^^\r\napp\\middleware\\logging.py:48: in dispatch\r\n    response = await call_next(request)\r\n               ^^^^^^^^^^^^^^^^^^^^^^^^\r\nC:\\Program Files\\Python313\\Lib\\site-packages\\starlette\\middleware\\base.py:168: in call_next\r\n    raise app_exc from app_exc.__cause__ or app_exc.__context__\r\nC:\\Program Files\\Python313\\Lib\\site-packages\\starlette\\middleware\\base.py:144: in coro\r\n    await self.app(scope, receive_or_disconnect, send_no_error)\r\nC:\\Program Files\\Python313\\Lib\\site-packages\\starlette\\middleware\\exceptions.py:63: in __call__\r\n    await wrap_app_handling_exceptions(self.app, conn)(scope, receive, send)\r\nC:\\Program Files\\Python313\\Lib\\site-packages\\starlette\\_exception_handler.py:53: in wrapped_app\r\n    raise exc\r\nC:\\Program Files\\Python313\\Lib\\site-packages\\starlette\\_exception_handler.py:42: in wrapped_app\r\n    await app(scope, receive, sender)\r\nC:\\Program Files\\Python313\\Lib\\site-packages\\fastapi\\middleware\\asyncexitstack.py:18: in __call__\r\n    await self.app(scope, receive, send)\r\nC:\\Program Files\\Python313\\Lib\\site-packages\\starlette\\routing.py:716: in __call__\r\n    await self.middleware_stack(scope, receive, send)\r\nC:\\Program Files\\Python313\\Lib\\site-packages\\starlette\\routing.py:736: in app\r\n    await route.handle(scope, receive, send)\r\nC:\\Program Files\\Python313\\Lib\\site-packages\\starlette\\routing.py:290: in handle\r\n    await self.app(scope, receive, send)\r\nC:\\Program Files\\Python313\\Lib\\site-packages\\fastapi\\routing.py:115: in app\r\n    await wrap_app_handling_exceptions(app, request)(scope, receive, send)\r\nC:\\Program Files\\Python313\\Lib\\site-packages\\starlette\\_exception_handler.py:53: in wrapped_app\r\n    raise exc\r\nC:\\Program Files\\Python313\\Lib\\site-packages\\starlette\\_exception_handler.py:42: in wrapped_app\r\n    await app(scope, receive, sender)\r\nC:\\Program Files\\Python313\\Lib\\site-packages\\fastapi\\routing.py:101: in app\r\n    response = await f(request)\r\n               ^^^^^^^^^^^^^^^^\r\nC:\\Program Files\\Python313\\Lib\\site-packages\\fastapi\\routing.py:355: in app\r\n    raw_response = await run_endpoint_function(\r\nC:\\Program Files\\Python313\\Lib\\site-packages\\fastapi\\routing.py:245: in run_endpoint_function\r\n    return await run_in_threadpool(dependant.call, **values)\r\n           ^^^^^^^^^^^^^^^^^^^^^^^^^^^^^^^^^^^^^^^^^^^^^^^^^\r\nC:\\Program Files\\Python313\\Lib\\site-packages\\starlette\\concurrency.py:32: in run_in_threadpool\r\n    return await anyio.to_thread.run_sync(func)\r\n           ^^^^^^^^^^^^^^^^^^^^^^^^^^^^^^^^^^^^\r\nC:\\Program Files\\Python313\\Lib\\site-packages\\anyio\\to_thread.py:63: in run_sync\r\n    return await get_async_backend().run_sync_in_worker_thread(\r\nC:\\Program Files\\Python313\\Lib\\site-packages\\anyio\\_backends\\_asyncio.py:2502: in run_sync_in_worker_thread\r\n    return await future\r\n           ^^^^^^^^^^^^\r\nC:\\Program Files\\Python313\\Lib\\site-packages\\anyio\\_backends\\_asyncio.py:986: in run\r\n    result = context.run(func, *args)\r\n             ^^^^^^^^^^^^^^^^^^^^^^^^\r\n_ _ _ _ _ _ _ _ _ _ _ _ _ _ _ _ _ _ _ _ _ _ _ _ _ _ _ _ _ _ _ _ _ _ _ _ _ _ _ _\r\n\r\n    @router.get(\"/settings\", response_model=SettingsResponse)\r\n    def get_settings():\r\n        \"\"\"Get public settings - excludes secrets like admin_secret_token.\"\"\"\r\n        # Convert settings object to dict for validation\r\n        settings_dict = {\r\n            \"port\": settings.port,\r\n            \"data_dir\": str(settings.data_dir),\r\n            \"ollama_embedding_url\": settings.ollama_embedding_url,\r\n            \"ollama_chat_url\": settings.ollama_chat_url,\r\n            \"embedding_model\": settings.embedding_model,\r\n            \"chat_model\": settings.chat_model,\r\n            \"chunk_size\": settings.chunk_size,\r\n            \"chunk_overlap\": settings.chunk_overlap,\r\n            \"max_context_chunks\": settings.max_context_chunks,\r\n            \"rag_relevance_threshold\": settings.rag_relevance_threshold,\r\n            \"vector_top_k\": settings.vector_top_k,\r\n            \"maintenance_mode\": settings.maintenance_mode,\r\n            \"auto_scan_enabled\": settings.auto_scan_enabled,\r\n            \"auto_scan_interval_minutes\": settings.auto_scan_interval_minutes,\r\n            \"enable_model_validation\": settings.enable_model_validation,\r\n            \"max_file_size_mb\": settings.max_file_size_mb,\r\n            \"allowed_extensions\": settings.allowed_extensions,\r\n            \"backend_cors_origins\": settings.backend_cors_origins,\r\n        }\r\n>       return SettingsResponse.model_validate(settings_dict)\r\n               ^^^^^^^^^^^^^^^^^^^^^^^^^^^^^^^^^^^^^^^^^^^^^^\r\nE       pydantic_core._pydantic_core.ValidationError: 4 validation errors for SettingsResponse\r\nE       chunk_size\r\nE         Input should be a valid integer [type=int_type, input_value=None, input_type=NoneType]\r\nE           For further information visit https://errors.pydantic.dev/2.12/v/int_type\r\nE       chunk_overlap\r\nE         Input should be a valid integer [type=int_type, input_value=None, input_type=NoneType]\r\nE           For further information visit https://errors.pydantic.dev/2.12/v/int_type\r\nE       rag_relevance_threshold\r\nE         Input should be a valid number [type=float_type, input_value=None, input_type=NoneType]\r\nE           For further information visit https://errors.pydantic.dev/2.12/v/float_type\r\nE       vector_top_k\r\nE         Input should be a valid integer [type=int_type, input_value=None, input_type=NoneType]\r\nE           For further information visit https://errors.pydantic.dev/2.12/v/int_type\r\n\r\napp\\api\\routes\\settings.py:189: ValidationError\r\n=========================== short test summary info ===========================\r\nFAILED tests/test_api.py::TestAPI::test_get_api_settings_returns_expected_keys\r\n============================== 1 failed in 0.89s ==============================\r\n","timestamp":1771864281110,"originalBytes":38834}